2022-08-10 08:29:13,820  INFO [main] ebanking:15 - URL is Opened
 2022-08-10 08:32:06,117  INFO [main] ebanking:15 - URL is Opened
 2022-08-10 08:32:06,343  INFO [main] ebanking:19 - Entered UserName
 2022-08-10 08:32:06,504  INFO [main] ebanking:22 - Entered Password
 2022-08-10 08:32:28,547  INFO [main] ebanking:30 - Login test Passed
 2022-08-10 09:38:20,194  INFO [main] ebanking:15 - URL is Opened
 2022-08-10 09:39:13,177  INFO [main] ebanking:15 - URL is Opened
 2022-08-10 09:39:13,354  INFO [main] ebanking:19 - Entered UserName
 2022-08-10 09:39:13,433  INFO [main] ebanking:22 - Entered Password
 2022-08-10 09:39:38,398  INFO [main] ebanking:30 - Login test Passed
 2022-08-11 16:17:46,340  INFO [main] ebanking:15 - URL is Opened
 2022-08-11 16:17:46,641  INFO [main] ebanking:19 - Entered UserName
 2022-08-11 16:17:46,794  INFO [main] ebanking:22 - Entered Password
 2022-08-11 16:18:27,623  INFO [main] ebanking:30 - Login test Passed
 2022-08-11 16:45:58,210  INFO [main] ebanking:15 - URL is Opened
 2022-08-11 16:45:58,877  INFO [main] ebanking:19 - Entered UserName
 2022-08-11 16:45:59,130  INFO [main] ebanking:22 - Entered Password
 2022-08-11 16:46:24,490  INFO [main] ebanking:30 - Login test Passed
 2022-08-11 22:38:09,522  INFO [main] ebanking:15 - URL is Opened
 2022-08-11 22:38:10,170  INFO [main] ebanking:19 - Entered UserName
 2022-08-11 22:38:10,347  INFO [main] ebanking:22 - Entered Password
 2022-08-11 22:38:34,223  INFO [main] ebanking:30 - Login test Passed
 2022-08-12 17:00:42,897  INFO [main] ebanking:15 - URL is Opened
 2022-08-12 17:00:43,151  INFO [main] ebanking:19 - Entered UserName
 2022-08-12 17:00:43,253  INFO [main] ebanking:22 - Entered Password
 2022-08-12 17:01:08,772  INFO [main] ebanking:30 - Login test Passed
 2022-08-12 17:17:21,760  INFO [main] ebanking:15 - URL is Opened
 2022-08-12 17:17:22,351  INFO [main] ebanking:19 - Entered UserName
 2022-08-12 17:17:22,674  INFO [main] ebanking:22 - Entered Password
 2022-08-12 17:17:47,527  INFO [main] ebanking:30 - Login test Passed
 2022-08-12 17:22:30,398  INFO [main] ebanking:15 - URL is Opened
 2022-08-12 17:22:30,536  INFO [main] ebanking:19 - Entered UserName
 2022-08-12 17:22:30,627  INFO [main] ebanking:22 - Entered Password
 2022-08-12 17:22:55,144  INFO [main] ebanking:30 - Login test Passed
 2022-08-12 17:45:58,814  INFO [main] ebanking:15 - URL is Opened
 2022-08-12 17:45:59,016  INFO [main] ebanking:19 - Entered UserName
 2022-08-12 17:45:59,462  INFO [main] ebanking:22 - Entered Password
 2022-08-12 17:46:23,201  INFO [main] ebanking:30 - Login test Passed
 2022-08-12 18:51:12,981  INFO [main] ebanking:15 - URL is Opened
 2022-08-12 18:51:13,245  INFO [main] ebanking:19 - Entered UserName
 2022-08-12 18:51:13,399  INFO [main] ebanking:22 - Entered Password
 2022-08-12 18:51:36,658  INFO [main] ebanking:30 - Login test Passed
 2022-08-13 08:49:34,338  INFO [main] ebanking:15 - URL is Opened
 2022-08-13 08:49:34,566  INFO [main] ebanking:19 - Entered UserName
 2022-08-13 08:49:34,674  INFO [main] ebanking:22 - Entered Password
 2022-08-13 08:49:36,777  INFO [main] ebanking:30 - Login test Passed
 2022-08-13 09:04:51,107  INFO [main] ebanking:15 - URL is Opened
 2022-08-13 09:04:51,292  INFO [main] ebanking:19 - Entered UserName
 2022-08-13 09:04:51,774  INFO [main] ebanking:22 - Entered Password
 2022-08-13 09:05:15,854  INFO [main] ebanking:30 - Login test Passed
 2022-08-31 21:45:57,760  INFO [main] ebanking:15 - URL is Opened
 2022-08-31 21:45:57,925  INFO [main] ebanking:19 - Entered UserName
 2022-08-31 21:45:58,011  INFO [main] ebanking:22 - Entered Password
 2022-08-31 21:50:52,617  INFO [main] ebanking:15 - URL is Opened
 2022-08-31 21:50:52,864  INFO [main] ebanking:19 - Entered UserName
 2022-08-31 21:50:52,965  INFO [main] ebanking:22 - Entered Password
 2022-08-31 21:51:17,797  INFO [main] ebanking:30 - Login test Passed
 2022-08-31 21:56:10,873  INFO [main] ebanking:15 - URL is Opened
 2022-08-31 21:56:11,079  INFO [main] ebanking:19 - Entered UserName
 2022-08-31 21:56:11,169  INFO [main] ebanking:22 - Entered Password
 2022-08-31 21:56:36,076  INFO [main] ebanking:30 - Login test Passed
 2022-08-31 22:00:53,220  INFO [main] ebanking:15 - URL is Opened
 2022-08-31 22:00:53,390  INFO [main] ebanking:19 - Entered UserName
 2022-08-31 22:00:54,065  INFO [main] ebanking:22 - Entered Password
 2022-08-31 22:01:14,895  INFO [main] ebanking:30 - Login test Passed
 2022-09-01 09:10:44,045  INFO [main] ebanking:15 - URL is Opened
 2022-09-01 09:10:44,260  INFO [main] ebanking:19 - Entered UserName
 2022-09-01 09:10:44,824  INFO [main] ebanking:22 - Entered Password
 2022-09-01 09:11:11,189  INFO [main] ebanking:30 - Login test Passed
 2022-09-01 14:15:16,621  INFO [main] ebanking:15 - URL is Opened
 2022-09-01 14:15:16,851  INFO [main] ebanking:19 - Entered UserName
 2022-09-01 14:15:17,053  INFO [main] ebanking:22 - Entered Password
 2022-09-01 14:15:44,398  INFO [main] ebanking:30 - Login test Passed
 2022-09-01 14:26:51,593  INFO [main] ebanking:15 - URL is Opened
 2022-09-01 14:26:51,800  INFO [main] ebanking:19 - Entered UserName
 2022-09-01 14:26:51,901  INFO [main] ebanking:22 - Entered Password
 2022-09-01 14:27:16,643  INFO [main] ebanking:30 - Login test Passed
 2022-09-01 14:31:38,859  INFO [main] ebanking:15 - URL is Opened
 2022-09-01 14:31:39,171  INFO [main] ebanking:19 - Entered UserName
 2022-09-01 14:31:39,293  INFO [main] ebanking:22 - Entered Password
 2022-09-01 14:32:04,735  INFO [main] ebanking:30 - Login test Passed
 2022-09-01 14:47:28,852  INFO [main] ebanking:15 - URL is Opened
 2022-09-01 14:47:28,984  INFO [main] ebanking:19 - Entered UserName
 2022-09-01 14:47:29,121  INFO [main] ebanking:22 - Entered Password
 2022-09-01 14:47:54,470  INFO [main] ebanking:30 - Login test Passed
 2022-09-01 15:38:23,985  INFO [main] ebanking:15 - URL is Opened
 2022-09-01 15:38:24,569  INFO [main] ebanking:19 - Entered UserName
 2022-09-01 15:38:24,665  INFO [main] ebanking:22 - Entered Password
 2022-09-01 15:38:43,456  INFO [main] ebanking:30 - Login test Passed
 2022-09-01 15:49:14,341  INFO [main] ebanking:15 - URL is Opened
 2022-09-01 15:49:14,628  INFO [main] ebanking:19 - Entered UserName
 2022-09-01 15:49:14,965  INFO [main] ebanking:22 - Entered Password
 2022-09-01 15:49:39,723  INFO [main] ebanking:30 - Login test Passed
 2022-09-01 15:56:18,000  INFO [main] ebanking:15 - URL is Opened
 2022-09-01 15:56:18,334  INFO [main] ebanking:19 - Entered UserName
 2022-09-01 15:56:18,741  INFO [main] ebanking:22 - Entered Password
 2022-09-01 15:56:43,188  INFO [main] ebanking:30 - Login test Passed
 2022-09-01 22:02:15,690  INFO [main] ebanking:15 - URL is Opened
 2022-09-01 22:02:16,241  INFO [main] ebanking:19 - Entered UserName
 2022-09-01 22:02:16,935  INFO [main] ebanking:22 - Entered Password
 2022-09-01 22:02:41,621  INFO [main] ebanking:30 - Login test Passed
 2022-09-02 09:15:36,575  INFO [main] ebanking:15 - URL is Opened
 2022-09-02 09:15:36,713  INFO [main] ebanking:19 - Entered UserName
 2022-09-02 09:15:36,854  INFO [main] ebanking:22 - Entered Password
 2022-09-02 09:16:01,631  INFO [main] ebanking:30 - Login test Passed
 2022-09-02 09:32:51,764 DEBUG [main] cache:45 - Couldn't find template in cache for "spark/spark.spa.ftl"("en_IN", UTF-8, parsed); will try to load it.
 2022-09-02 09:32:51,768 DEBUG [main] cache:45 - TemplateLoader.findTemplateSource("spark/spark.spa_en_IN.ftl"): Not found
 2022-09-02 09:32:51,771 DEBUG [main] cache:45 - TemplateLoader.findTemplateSource("spark/spark.spa_en.ftl"): Not found
 2022-09-02 09:32:51,772 DEBUG [main] cache:45 - TemplateLoader.findTemplateSource("spark/spark.spa.ftl"): Found
 2022-09-02 09:32:51,774 DEBUG [main] cache:45 - Loading template for "spark/spark.spa.ftl"("en_IN", UTF-8, parsed) from "jar:file:/C:/Users/Monika/jar_files/extentreports-5.0.9.jar!/com/aventstack/extentreports/templates/spark/spark.spa.ftl"
 2022-09-02 09:32:51,846 DEBUG [main] cache:45 - Couldn't find template in cache for "commons/commons-variables.ftl"("en_IN", UTF-8, parsed); will try to load it.
 2022-09-02 09:32:51,847 DEBUG [main] cache:45 - TemplateLoader.findTemplateSource("commons/commons-variables_en_IN.ftl"): Not found
 2022-09-02 09:32:51,848 DEBUG [main] cache:45 - TemplateLoader.findTemplateSource("commons/commons-variables_en.ftl"): Not found
 2022-09-02 09:32:51,849 DEBUG [main] cache:45 - TemplateLoader.findTemplateSource("commons/commons-variables.ftl"): Found
 2022-09-02 09:32:51,850 DEBUG [main] cache:45 - Loading template for "commons/commons-variables.ftl"("en_IN", UTF-8, parsed) from "jar:file:/C:/Users/Monika/jar_files/extentreports-5.0.9.jar!/com/aventstack/extentreports/templates/commons/commons-variables.ftl"
 2022-09-02 09:32:52,001 DEBUG [main] cache:45 - Couldn't find template in cache for "commons/commons-macros.ftl"("en_IN", UTF-8, parsed); will try to load it.
 2022-09-02 09:32:52,002 DEBUG [main] cache:45 - TemplateLoader.findTemplateSource("commons/commons-macros_en_IN.ftl"): Not found
 2022-09-02 09:32:52,003 DEBUG [main] cache:45 - TemplateLoader.findTemplateSource("commons/commons-macros_en.ftl"): Not found
 2022-09-02 09:32:52,004 DEBUG [main] cache:45 - TemplateLoader.findTemplateSource("commons/commons-macros.ftl"): Found
 2022-09-02 09:32:52,005 DEBUG [main] cache:45 - Loading template for "commons/commons-macros.ftl"("en_IN", UTF-8, parsed) from "jar:file:/C:/Users/Monika/jar_files/extentreports-5.0.9.jar!/com/aventstack/extentreports/templates/commons/commons-macros.ftl"
 2022-09-02 09:32:52,017 DEBUG [main] cache:45 - Couldn't find template in cache for "spark/macros/attributes.ftl"("en_IN", UTF-8, parsed); will try to load it.
 2022-09-02 09:32:52,019 DEBUG [main] cache:45 - TemplateLoader.findTemplateSource("spark/macros/attributes_en_IN.ftl"): Not found
 2022-09-02 09:32:52,020 DEBUG [main] cache:45 - TemplateLoader.findTemplateSource("spark/macros/attributes_en.ftl"): Not found
 2022-09-02 09:32:52,022 DEBUG [main] cache:45 - TemplateLoader.findTemplateSource("spark/macros/attributes.ftl"): Found
 2022-09-02 09:32:52,023 DEBUG [main] cache:45 - Loading template for "spark/macros/attributes.ftl"("en_IN", UTF-8, parsed) from "jar:file:/C:/Users/Monika/jar_files/extentreports-5.0.9.jar!/com/aventstack/extentreports/templates/spark/macros/attributes.ftl"
 2022-09-02 09:32:52,027 DEBUG [main] cache:45 - Couldn't find template in cache for "spark/macros/log.ftl"("en_IN", UTF-8, parsed); will try to load it.
 2022-09-02 09:32:52,028 DEBUG [main] cache:45 - TemplateLoader.findTemplateSource("spark/macros/log_en_IN.ftl"): Not found
 2022-09-02 09:32:52,029 DEBUG [main] cache:45 - TemplateLoader.findTemplateSource("spark/macros/log_en.ftl"): Not found
 2022-09-02 09:32:52,030 DEBUG [main] cache:45 - TemplateLoader.findTemplateSource("spark/macros/log.ftl"): Found
 2022-09-02 09:32:52,031 DEBUG [main] cache:45 - Loading template for "spark/macros/log.ftl"("en_IN", UTF-8, parsed) from "jar:file:/C:/Users/Monika/jar_files/extentreports-5.0.9.jar!/com/aventstack/extentreports/templates/spark/macros/log.ftl"
 2022-09-02 09:32:52,035 DEBUG [main] cache:45 - Couldn't find template in cache for "spark/macros/recurse_nodes.ftl"("en_IN", UTF-8, parsed); will try to load it.
 2022-09-02 09:32:52,037 DEBUG [main] cache:45 - TemplateLoader.findTemplateSource("spark/macros/recurse_nodes_en_IN.ftl"): Not found
 2022-09-02 09:32:52,043 DEBUG [main] cache:45 - TemplateLoader.findTemplateSource("spark/macros/recurse_nodes_en.ftl"): Not found
 2022-09-02 09:32:52,045 DEBUG [main] cache:45 - TemplateLoader.findTemplateSource("spark/macros/recurse_nodes.ftl"): Found
 2022-09-02 09:32:52,046 DEBUG [main] cache:45 - Loading template for "spark/macros/recurse_nodes.ftl"("en_IN", UTF-8, parsed) from "jar:file:/C:/Users/Monika/jar_files/extentreports-5.0.9.jar!/com/aventstack/extentreports/templates/spark/macros/recurse_nodes.ftl"
 2022-09-02 09:32:52,053 DEBUG [main] cache:45 - "spark/macros/log.ftl"("en_IN", UTF-8, parsed) cached copy not yet stale; using cached.
 2022-09-02 09:32:52,055 DEBUG [main] cache:45 - Couldn't find template in cache for "spark/macros/attr-common.ftl"("en_IN", UTF-8, parsed); will try to load it.
 2022-09-02 09:32:52,064 DEBUG [main] cache:45 - TemplateLoader.findTemplateSource("spark/macros/attr-common_en_IN.ftl"): Not found
 2022-09-02 09:32:52,078 DEBUG [main] cache:45 - TemplateLoader.findTemplateSource("spark/macros/attr-common_en.ftl"): Not found
 2022-09-02 09:32:52,081 DEBUG [main] cache:45 - TemplateLoader.findTemplateSource("spark/macros/attr-common.ftl"): Found
 2022-09-02 09:32:52,083 DEBUG [main] cache:45 - Loading template for "spark/macros/attr-common.ftl"("en_IN", UTF-8, parsed) from "jar:file:/C:/Users/Monika/jar_files/extentreports-5.0.9.jar!/com/aventstack/extentreports/templates/spark/macros/attr-common.ftl"
 2022-09-02 09:32:52,098 DEBUG [main] cache:45 - Couldn't find template in cache for "spark/partials/head.ftl"("en_IN", UTF-8, parsed); will try to load it.
 2022-09-02 09:32:52,101 DEBUG [main] cache:45 - TemplateLoader.findTemplateSource("spark/partials/head_en_IN.ftl"): Not found
 2022-09-02 09:32:52,106 DEBUG [main] cache:45 - TemplateLoader.findTemplateSource("spark/partials/head_en.ftl"): Not found
 2022-09-02 09:32:52,109 DEBUG [main] cache:45 - TemplateLoader.findTemplateSource("spark/partials/head.ftl"): Found
 2022-09-02 09:32:52,112 DEBUG [main] cache:45 - Loading template for "spark/partials/head.ftl"("en_IN", UTF-8, parsed) from "jar:file:/C:/Users/Monika/jar_files/extentreports-5.0.9.jar!/com/aventstack/extentreports/templates/spark/partials/head.ftl"
 2022-09-02 09:32:52,118 DEBUG [main] cache:45 - Couldn't find template in cache for "commons/commons-inject-css.ftl"("en_IN", UTF-8, parsed); will try to load it.
 2022-09-02 09:32:52,133 DEBUG [main] cache:45 - TemplateLoader.findTemplateSource("commons/commons-inject-css_en_IN.ftl"): Not found
 2022-09-02 09:32:52,142 DEBUG [main] cache:45 - TemplateLoader.findTemplateSource("commons/commons-inject-css_en.ftl"): Not found
 2022-09-02 09:32:52,143 DEBUG [main] cache:45 - TemplateLoader.findTemplateSource("commons/commons-inject-css.ftl"): Found
 2022-09-02 09:32:52,147 DEBUG [main] cache:45 - Loading template for "commons/commons-inject-css.ftl"("en_IN", UTF-8, parsed) from "jar:file:/C:/Users/Monika/jar_files/extentreports-5.0.9.jar!/com/aventstack/extentreports/templates/commons/commons-inject-css.ftl"
 2022-09-02 09:32:52,151 DEBUG [main] cache:45 - Couldn't find template in cache for "spark/partials/navbar.ftl"("en_IN", UTF-8, parsed); will try to load it.
 2022-09-02 09:32:52,152 DEBUG [main] cache:45 - TemplateLoader.findTemplateSource("spark/partials/navbar_en_IN.ftl"): Not found
 2022-09-02 09:32:52,153 DEBUG [main] cache:45 - TemplateLoader.findTemplateSource("spark/partials/navbar_en.ftl"): Not found
 2022-09-02 09:32:52,154 DEBUG [main] cache:45 - TemplateLoader.findTemplateSource("spark/partials/navbar.ftl"): Found
 2022-09-02 09:32:52,154 DEBUG [main] cache:45 - Loading template for "spark/partials/navbar.ftl"("en_IN", UTF-8, parsed) from "jar:file:/C:/Users/Monika/jar_files/extentreports-5.0.9.jar!/com/aventstack/extentreports/templates/spark/partials/navbar.ftl"
 2022-09-02 09:32:52,163 DEBUG [main] cache:45 - Couldn't find template in cache for "spark/partials/sidenav.ftl"("en_IN", UTF-8, parsed); will try to load it.
 2022-09-02 09:32:52,164 DEBUG [main] cache:45 - TemplateLoader.findTemplateSource("spark/partials/sidenav_en_IN.ftl"): Not found
 2022-09-02 09:32:52,165 DEBUG [main] cache:45 - TemplateLoader.findTemplateSource("spark/partials/sidenav_en.ftl"): Not found
 2022-09-02 09:32:52,166 DEBUG [main] cache:45 - TemplateLoader.findTemplateSource("spark/partials/sidenav.ftl"): Found
 2022-09-02 09:32:52,168 DEBUG [main] cache:45 - Loading template for "spark/partials/sidenav.ftl"("en_IN", UTF-8, parsed) from "jar:file:/C:/Users/Monika/jar_files/extentreports-5.0.9.jar!/com/aventstack/extentreports/templates/spark/partials/sidenav.ftl"
 2022-09-02 09:32:52,182 DEBUG [main] cache:45 - Couldn't find template in cache for "spark/partials/test.ftl"("en_IN", UTF-8, parsed); will try to load it.
 2022-09-02 09:32:52,184 DEBUG [main] cache:45 - TemplateLoader.findTemplateSource("spark/partials/test_en_IN.ftl"): Not found
 2022-09-02 09:32:52,185 DEBUG [main] cache:45 - TemplateLoader.findTemplateSource("spark/partials/test_en.ftl"): Not found
 2022-09-02 09:32:52,186 DEBUG [main] cache:45 - TemplateLoader.findTemplateSource("spark/partials/test.ftl"): Found
 2022-09-02 09:32:52,187 DEBUG [main] cache:45 - Loading template for "spark/partials/test.ftl"("en_IN", UTF-8, parsed) from "jar:file:/C:/Users/Monika/jar_files/extentreports-5.0.9.jar!/com/aventstack/extentreports/templates/spark/partials/test.ftl"
 2022-09-02 09:32:52,205 DEBUG [main] cache:45 - Couldn't find template in cache for "spark/partials/exception.ftl"("en_IN", UTF-8, parsed); will try to load it.
 2022-09-02 09:32:52,209 DEBUG [main] cache:45 - TemplateLoader.findTemplateSource("spark/partials/exception_en_IN.ftl"): Not found
 2022-09-02 09:32:52,211 DEBUG [main] cache:45 - TemplateLoader.findTemplateSource("spark/partials/exception_en.ftl"): Not found
 2022-09-02 09:32:52,215 DEBUG [main] cache:45 - TemplateLoader.findTemplateSource("spark/partials/exception.ftl"): Found
 2022-09-02 09:32:52,218 DEBUG [main] cache:45 - Loading template for "spark/partials/exception.ftl"("en_IN", UTF-8, parsed) from "jar:file:/C:/Users/Monika/jar_files/extentreports-5.0.9.jar!/com/aventstack/extentreports/templates/spark/partials/exception.ftl"
 2022-09-02 09:32:52,222 DEBUG [main] cache:45 - Couldn't find template in cache for "spark/partials/category.ftl"("en_IN", UTF-8, parsed); will try to load it.
 2022-09-02 09:32:52,224 DEBUG [main] cache:45 - TemplateLoader.findTemplateSource("spark/partials/category_en_IN.ftl"): Not found
 2022-09-02 09:32:52,227 DEBUG [main] cache:45 - TemplateLoader.findTemplateSource("spark/partials/category_en.ftl"): Not found
 2022-09-02 09:32:52,228 DEBUG [main] cache:45 - TemplateLoader.findTemplateSource("spark/partials/category.ftl"): Found
 2022-09-02 09:32:52,229 DEBUG [main] cache:45 - Loading template for "spark/partials/category.ftl"("en_IN", UTF-8, parsed) from "jar:file:/C:/Users/Monika/jar_files/extentreports-5.0.9.jar!/com/aventstack/extentreports/templates/spark/partials/category.ftl"
 2022-09-02 09:32:52,234 DEBUG [main] cache:45 - Couldn't find template in cache for "spark/partials/device.ftl"("en_IN", UTF-8, parsed); will try to load it.
 2022-09-02 09:32:52,235 DEBUG [main] cache:45 - TemplateLoader.findTemplateSource("spark/partials/device_en_IN.ftl"): Not found
 2022-09-02 09:32:52,243 DEBUG [main] cache:45 - TemplateLoader.findTemplateSource("spark/partials/device_en.ftl"): Not found
 2022-09-02 09:32:52,245 DEBUG [main] cache:45 - TemplateLoader.findTemplateSource("spark/partials/device.ftl"): Found
 2022-09-02 09:32:52,246 DEBUG [main] cache:45 - Loading template for "spark/partials/device.ftl"("en_IN", UTF-8, parsed) from "jar:file:/C:/Users/Monika/jar_files/extentreports-5.0.9.jar!/com/aventstack/extentreports/templates/spark/partials/device.ftl"
 2022-09-02 09:32:52,248 DEBUG [main] cache:45 - Couldn't find template in cache for "spark/partials/author.ftl"("en_IN", UTF-8, parsed); will try to load it.
 2022-09-02 09:32:52,249 DEBUG [main] cache:45 - TemplateLoader.findTemplateSource("spark/partials/author_en_IN.ftl"): Not found
 2022-09-02 09:32:52,254 DEBUG [main] cache:45 - TemplateLoader.findTemplateSource("spark/partials/author_en.ftl"): Not found
 2022-09-02 09:32:52,259 DEBUG [main] cache:45 - TemplateLoader.findTemplateSource("spark/partials/author.ftl"): Found
 2022-09-02 09:32:52,268 DEBUG [main] cache:45 - Loading template for "spark/partials/author.ftl"("en_IN", UTF-8, parsed) from "jar:file:/C:/Users/Monika/jar_files/extentreports-5.0.9.jar!/com/aventstack/extentreports/templates/spark/partials/author.ftl"
 2022-09-02 09:32:52,277 DEBUG [main] cache:45 - Couldn't find template in cache for "spark/partials/log.ftl"("en_IN", UTF-8, parsed); will try to load it.
 2022-09-02 09:32:52,280 DEBUG [main] cache:45 - TemplateLoader.findTemplateSource("spark/partials/log_en_IN.ftl"): Not found
 2022-09-02 09:32:52,283 DEBUG [main] cache:45 - TemplateLoader.findTemplateSource("spark/partials/log_en.ftl"): Not found
 2022-09-02 09:32:52,287 DEBUG [main] cache:45 - TemplateLoader.findTemplateSource("spark/partials/log.ftl"): Found
 2022-09-02 09:32:52,291 DEBUG [main] cache:45 - Loading template for "spark/partials/log.ftl"("en_IN", UTF-8, parsed) from "jar:file:/C:/Users/Monika/jar_files/extentreports-5.0.9.jar!/com/aventstack/extentreports/templates/spark/partials/log.ftl"
 2022-09-02 09:32:52,295 DEBUG [main] cache:45 - Couldn't find template in cache for "spark/partials/dashboard.ftl"("en_IN", UTF-8, parsed); will try to load it.
 2022-09-02 09:32:52,300 DEBUG [main] cache:45 - TemplateLoader.findTemplateSource("spark/partials/dashboard_en_IN.ftl"): Not found
 2022-09-02 09:32:52,304 DEBUG [main] cache:45 - TemplateLoader.findTemplateSource("spark/partials/dashboard_en.ftl"): Not found
 2022-09-02 09:32:52,311 DEBUG [main] cache:45 - TemplateLoader.findTemplateSource("spark/partials/dashboard.ftl"): Found
 2022-09-02 09:32:52,319 DEBUG [main] cache:45 - Loading template for "spark/partials/dashboard.ftl"("en_IN", UTF-8, parsed) from "jar:file:/C:/Users/Monika/jar_files/extentreports-5.0.9.jar!/com/aventstack/extentreports/templates/spark/partials/dashboard.ftl"
 2022-09-02 09:32:52,427 DEBUG [main] cache:45 - Couldn't find template in cache for "spark/partials/scripts.ftl"("en_IN", UTF-8, parsed); will try to load it.
 2022-09-02 09:32:52,430 DEBUG [main] cache:45 - TemplateLoader.findTemplateSource("spark/partials/scripts_en_IN.ftl"): Not found
 2022-09-02 09:32:52,434 DEBUG [main] cache:45 - TemplateLoader.findTemplateSource("spark/partials/scripts_en.ftl"): Not found
 2022-09-02 09:32:52,437 DEBUG [main] cache:45 - TemplateLoader.findTemplateSource("spark/partials/scripts.ftl"): Found
 2022-09-02 09:32:52,442 DEBUG [main] cache:45 - Loading template for "spark/partials/scripts.ftl"("en_IN", UTF-8, parsed) from "jar:file:/C:/Users/Monika/jar_files/extentreports-5.0.9.jar!/com/aventstack/extentreports/templates/spark/partials/scripts.ftl"
 2022-09-02 09:32:52,447 DEBUG [main] cache:45 - Couldn't find template in cache for "commons/commons-inject-js.ftl"("en_IN", UTF-8, parsed); will try to load it.
 2022-09-02 09:32:52,449 DEBUG [main] cache:45 - TemplateLoader.findTemplateSource("commons/commons-inject-js_en_IN.ftl"): Not found
 2022-09-02 09:32:52,452 DEBUG [main] cache:45 - TemplateLoader.findTemplateSource("commons/commons-inject-js_en.ftl"): Not found
 2022-09-02 09:32:52,460 DEBUG [main] cache:45 - TemplateLoader.findTemplateSource("commons/commons-inject-js.ftl"): Found
 2022-09-02 09:32:52,462 DEBUG [main] cache:45 - Loading template for "commons/commons-inject-js.ftl"("en_IN", UTF-8, parsed) from "jar:file:/C:/Users/Monika/jar_files/extentreports-5.0.9.jar!/com/aventstack/extentreports/templates/commons/commons-inject-js.ftl"
 2022-09-03 08:31:27,999  INFO [main] ebanking:21 - URL is Opened
 2022-09-03 08:31:28,289  INFO [main] ebanking:25 - Entered UserName
 2022-09-03 08:31:28,487  INFO [main] ebanking:28 - Entered Password
 2022-09-03 08:31:52,590  INFO [main] ebanking:36 - Login test Passed
 2022-09-03 08:35:43,335  INFO [main] ebanking:21 - URL is Opened
 2022-09-03 08:35:43,584  INFO [main] ebanking:25 - Entered UserName
 2022-09-03 08:35:43,711  INFO [main] ebanking:28 - Entered Password
 2022-09-03 08:35:46,955  INFO [main] ebanking:36 - Login test Passed
 2022-09-03 17:44:41,857  INFO [main] ebanking:20 -  Username is Provided
 2022-09-03 17:44:42,000  INFO [main] ebanking:22 - Password is Provided
 2022-09-03 17:44:45,505  INFO [main] ebanking:36 - Login Passed
 2022-09-03 17:44:49,929  INFO [main] ebanking:20 -  Username is Provided
 2022-09-03 17:44:50,167  INFO [main] ebanking:22 - Password is Provided
 2022-09-03 17:44:54,964  INFO [main] ebanking:20 -  Username is Provided
 2022-09-03 17:44:55,093  INFO [main] ebanking:22 - Password is Provided
 2022-09-03 17:48:27,126  INFO [main] ebanking:20 -  Username is Provided
 2022-09-03 17:48:27,214  INFO [main] ebanking:22 - Password is Provided
 2022-09-03 17:48:47,430  INFO [main] ebanking:37 - Login Passed
 2022-09-03 17:49:14,743  INFO [main] ebanking:20 -  Username is Provided
 2022-09-03 17:49:14,856  INFO [main] ebanking:22 - Password is Provided
 2022-09-03 17:49:42,694  INFO [main] ebanking:20 -  Username is Provided
 2022-09-03 17:49:42,816  INFO [main] ebanking:22 - Password is Provided
 2022-09-03 17:52:03,730  INFO [main] ebanking:20 -  Username is Provided
 2022-09-03 17:52:03,895  INFO [main] ebanking:22 - Password is Provided
 2022-09-03 17:52:28,567  INFO [main] ebanking:37 - Login Passed
 2022-09-03 17:52:56,638  INFO [main] ebanking:20 -  Username is Provided
 2022-09-03 17:52:56,771  INFO [main] ebanking:22 - Password is Provided
 2022-09-03 17:53:27,275  INFO [main] ebanking:20 -  Username is Provided
 2022-09-03 17:53:27,403  INFO [main] ebanking:22 - Password is Provided
 2022-09-04 17:12:50,575  INFO [main] ebanking:19 - User Name is Provided
 2022-09-04 17:12:50,897  INFO [main] ebanking:21 - Password is Provided
 2022-09-04 17:13:18,591  INFO [main] ebanking:30 - PRovided Customer Details....
 2022-09-04 17:14:53,069  INFO [main] ebanking:19 - User Name is Provided
 2022-09-04 17:14:53,220  INFO [main] ebanking:21 - Password is Provided
 2022-09-04 17:15:20,474  INFO [main] ebanking:30 - PRovided Customer Details....
 2022-09-05 17:17:45,109  INFO [main] ebanking:19 - User Name is Provided
 2022-09-05 17:17:45,255  INFO [main] ebanking:21 - Password is Provided
 2022-09-05 17:18:11,772  INFO [main] ebanking:30 - PRovided Customer Details....
 2022-09-06 16:00:16,958  INFO [main] ebanking:19 - User Name is Provided
 2022-09-06 16:00:17,079  INFO [main] ebanking:21 - Password is Provided
 2022-09-06 16:00:53,024  INFO [main] ebanking:30 - PRovided Customer Details....
 2022-09-06 16:30:10,132  INFO [main] ebanking:19 - User Name is Provided
 2022-09-06 16:30:10,230  INFO [main] ebanking:21 - Password is Provided
 2022-09-06 16:30:26,041  INFO [main] ebanking:30 - PRovided Customer Details....
 2022-09-06 16:33:45,112  INFO [main] ebanking:19 - User Name is Provided
 2022-09-06 16:33:45,334  INFO [main] ebanking:21 - Password is Provided
 2022-09-06 16:34:15,204  INFO [main] ebanking:30 - PRovided Customer Details....
 2022-09-06 16:39:28,115  INFO [main] ebanking:19 - User Name is Provided
 2022-09-06 16:39:28,252  INFO [main] ebanking:21 - Password is Provided
 2022-09-06 16:39:56,509  INFO [main] ebanking:30 - PRovided Customer Details....
 2022-09-06 16:49:13,987  INFO [main] ebanking:19 - User Name is Provided
 2022-09-06 16:49:14,452  INFO [main] ebanking:21 - Password is Provided
 2022-09-06 16:49:38,976  INFO [main] ebanking:30 - PRovided Customer Details....
 2022-09-06 16:51:59,944  INFO [main] ebanking:19 - User Name is Provided
 2022-09-06 16:52:00,097  INFO [main] ebanking:21 - Password is Provided
 2022-09-06 16:52:28,575  INFO [main] ebanking:30 - PRovided Customer Details....
 2022-09-06 17:01:38,384  INFO [main] ebanking:19 - User Name is Provided
 2022-09-06 17:01:38,551  INFO [main] ebanking:21 - Password is Provided
 2022-09-06 17:02:06,700  INFO [main] ebanking:30 - PRovided Customer Details....
 2022-09-06 17:06:34,772  INFO [main] ebanking:19 - User Name is Provided
 2022-09-06 17:06:34,930  INFO [main] ebanking:21 - Password is Provided
 2022-09-06 17:06:43,598  INFO [main] ebanking:30 - PRovided Customer Details....
 2022-09-06 18:49:13,150  INFO [main] ebanking:19 - User Name is Provided
 2022-09-06 18:49:13,318  INFO [main] ebanking:21 - Password is Provided
 2022-09-06 18:49:44,836  INFO [main] ebanking:30 - PRovided Customer Details....
 2022-09-06 18:50:23,127  INFO [main] ebanking:19 - User Name is Provided
 2022-09-06 18:50:23,360  INFO [main] ebanking:21 - Password is Provided
 2022-09-06 18:50:40,705  INFO [main] ebanking:30 - PRovided Customer Details....
 2022-09-06 18:50:54,105  INFO [main] ebanking:46 - Validation started....
 2022-09-06 18:50:54,150  INFO [main] ebanking:51 - TestCase Passed...
 2022-09-06 19:18:03,997  INFO [main] ebanking:22 - URL is Opened
 2022-09-06 19:18:04,363  INFO [main] ebanking:26 - Entered UserName
 2022-09-06 19:18:04,464  INFO [main] ebanking:29 - Entered Password
 2022-09-06 19:18:31,383  INFO [main] ebanking:37 - Login test Passed
 2022-09-06 19:27:29,686  INFO [main] ebanking:27 - URL is Opened
 2022-09-06 19:27:30,065  INFO [main] ebanking:31 - Entered UserName
 2022-09-06 19:27:30,153  INFO [main] ebanking:34 - Entered Password
 2022-09-06 19:27:54,355  INFO [main] ebanking:42 - Login test Passed
 2022-09-06 19:39:02,212  INFO [main] ebanking:27 - URL is Opened
 2022-09-06 19:39:02,349  INFO [main] ebanking:31 - Entered UserName
 2022-09-06 19:39:02,493  INFO [main] ebanking:34 - Entered Password
 2022-09-06 19:39:28,877  INFO [main] ebanking:42 - Login test Passed
 2022-09-06 19:50:46,925  INFO [main] ebanking:27 - URL is Opened
 2022-09-06 19:50:47,108  INFO [main] ebanking:31 - Entered UserName
 2022-09-06 19:50:47,235  INFO [main] ebanking:34 - Entered Password
 2022-09-06 19:50:53,134  INFO [main] ebanking:42 - Login test Passed
 2022-09-06 19:54:52,765  INFO [main] ebanking:20 -  Username is Provided
 2022-09-06 19:54:52,930  INFO [main] ebanking:22 - Password is Provided
 2022-09-06 19:54:56,627  INFO [main] ebanking:37 - Login Passed
 2022-09-06 19:55:01,940  INFO [main] ebanking:20 -  Username is Provided
 2022-09-06 19:55:02,655  INFO [main] ebanking:22 - Password is Provided
 2022-09-06 19:55:06,765  INFO [main] ebanking:20 -  Username is Provided
 2022-09-06 19:55:06,876  INFO [main] ebanking:22 - Password is Provided
 2022-09-06 19:57:38,968  INFO [main] ebanking:20 -  Username is Provided
 2022-09-06 19:57:39,103  INFO [main] ebanking:22 - Password is Provided
 2022-09-06 19:57:58,972  INFO [main] ebanking:37 - Login Passed
 2022-09-06 19:58:28,033  INFO [main] ebanking:20 -  Username is Provided
 2022-09-06 19:58:28,182  INFO [main] ebanking:22 - Password is Provided
 2022-09-06 19:58:55,448  INFO [main] ebanking:20 -  Username is Provided
 2022-09-06 19:58:55,552  INFO [main] ebanking:22 - Password is Provided
 2022-09-06 20:02:13,836  INFO [main] ebanking:19 - User Name is Provided
 2022-09-06 20:02:13,982  INFO [main] ebanking:21 - Password is Provided
 2022-09-06 20:02:50,835  INFO [main] ebanking:30 - PRovided Customer Details....
 2022-09-06 20:03:07,999  INFO [main] ebanking:46 - Validation started....
 2022-09-06 20:03:08,121  INFO [main] ebanking:51 - TestCase Passed...
 2022-09-06 20:04:12,495  INFO [main] ebanking:19 - User Name is Provided
 2022-09-06 20:04:12,629  INFO [main] ebanking:21 - Password is Provided
 2022-09-06 20:04:28,385  INFO [main] ebanking:30 - PRovided Customer Details....
 2022-09-06 20:04:37,836  INFO [main] ebanking:46 - Validation started....
 2022-09-06 20:06:39,274  INFO [main] ebanking:19 - User Name is Provided
 2022-09-06 20:06:39,416  INFO [main] ebanking:21 - Password is Provided
 2022-09-06 20:07:16,969  INFO [main] ebanking:30 - PRovided Customer Details....
 2022-09-06 20:08:43,433  INFO [main] ebanking:19 - User Name is Provided
 2022-09-06 20:08:43,567  INFO [main] ebanking:21 - Password is Provided
 2022-09-06 20:09:21,604  INFO [main] ebanking:30 - PRovided Customer Details....
 2022-09-06 20:09:40,433  INFO [main] ebanking:46 - Validation started....
 2022-09-06 20:09:40,489  INFO [main] ebanking:51 - TestCase Passed...
 2022-09-07 19:23:09,017  INFO [main] ebanking:27 - URL is Opened
 2022-09-07 19:23:19,942 DEBUG [main] cache:45 - Couldn't find template in cache for "v3html/v3-html-index.ftl"("en", UTF-8, parsed); will try to load it.
 2022-09-07 19:23:19,952 DEBUG [main] cache:45 - TemplateLoader.findTemplateSource("v3html/v3-html-index_en.ftl"): Not found
 2022-09-07 19:23:19,957 DEBUG [main] cache:45 - TemplateLoader.findTemplateSource("v3html/v3-html-index.ftl"): Found
 2022-09-07 19:23:19,992 DEBUG [main] cache:45 - Loading template for "v3html/v3-html-index.ftl"("en", UTF-8, parsed) from "jar:file:/C:/Users/Monika/.m2/repository/com/aventstack/extentreports/4.0.9/extentreports-4.0.9.jar!/com/aventstack/extentreports/view/v3html/v3-html-index.ftl"
 2022-09-07 19:23:20,585 DEBUG [main] cache:45 - Couldn't find template in cache for "v3html/v3-html-head.ftl"("en", UTF-8, parsed); will try to load it.
 2022-09-07 19:23:20,587 DEBUG [main] cache:45 - TemplateLoader.findTemplateSource("v3html/v3-html-head_en.ftl"): Not found
 2022-09-07 19:23:20,589 DEBUG [main] cache:45 - TemplateLoader.findTemplateSource("v3html/v3-html-head.ftl"): Found
 2022-09-07 19:23:20,590 DEBUG [main] cache:45 - Loading template for "v3html/v3-html-head.ftl"("en", UTF-8, parsed) from "jar:file:/C:/Users/Monika/.m2/repository/com/aventstack/extentreports/4.0.9/extentreports-4.0.9.jar!/com/aventstack/extentreports/view/v3html/v3-html-head.ftl"
 2022-09-07 19:23:20,613 DEBUG [main] cache:45 - Couldn't find template in cache for "v3html/v3-html-nav.ftl"("en", UTF-8, parsed); will try to load it.
 2022-09-07 19:23:20,621 DEBUG [main] cache:45 - TemplateLoader.findTemplateSource("v3html/v3-html-nav_en.ftl"): Not found
 2022-09-07 19:23:20,623 DEBUG [main] cache:45 - TemplateLoader.findTemplateSource("v3html/v3-html-nav.ftl"): Found
 2022-09-07 19:23:20,629 DEBUG [main] cache:45 - Loading template for "v3html/v3-html-nav.ftl"("en", UTF-8, parsed) from "jar:file:/C:/Users/Monika/.m2/repository/com/aventstack/extentreports/4.0.9/extentreports-4.0.9.jar!/com/aventstack/extentreports/view/v3html/v3-html-nav.ftl"
 2022-09-07 19:23:20,645 DEBUG [main] cache:45 - Couldn't find template in cache for "v3html/test-view/v3-html-test-view.ftl"("en", UTF-8, parsed); will try to load it.
 2022-09-07 19:23:20,646 DEBUG [main] cache:45 - TemplateLoader.findTemplateSource("v3html/test-view/v3-html-test-view_en.ftl"): Not found
 2022-09-07 19:23:20,647 DEBUG [main] cache:45 - TemplateLoader.findTemplateSource("v3html/test-view/v3-html-test-view.ftl"): Found
 2022-09-07 19:23:20,649 DEBUG [main] cache:45 - Loading template for "v3html/test-view/v3-html-test-view.ftl"("en", UTF-8, parsed) from "jar:file:/C:/Users/Monika/.m2/repository/com/aventstack/extentreports/4.0.9/extentreports-4.0.9.jar!/com/aventstack/extentreports/view/v3html/test-view/v3-html-test-view.ftl"
 2022-09-07 19:23:20,666 DEBUG [main] cache:45 - Couldn't find template in cache for "v3html/test-view/v3-html-test-view-charts.ftl"("en", UTF-8, parsed); will try to load it.
 2022-09-07 19:23:20,667 DEBUG [main] cache:45 - TemplateLoader.findTemplateSource("v3html/test-view/v3-html-test-view-charts_en.ftl"): Not found
 2022-09-07 19:23:20,670 DEBUG [main] cache:45 - TemplateLoader.findTemplateSource("v3html/test-view/v3-html-test-view-charts.ftl"): Found
 2022-09-07 19:23:20,673 DEBUG [main] cache:45 - Loading template for "v3html/test-view/v3-html-test-view-charts.ftl"("en", UTF-8, parsed) from "jar:file:/C:/Users/Monika/.m2/repository/com/aventstack/extentreports/4.0.9/extentreports-4.0.9.jar!/com/aventstack/extentreports/view/v3html/test-view/v3-html-test-view-charts.ftl"
 2022-09-07 19:23:20,726 DEBUG [main] cache:45 - Couldn't find template in cache for "v3html/test-view/v3-html-standard.ftl"("en", UTF-8, parsed); will try to load it.
 2022-09-07 19:23:20,727 DEBUG [main] cache:45 - TemplateLoader.findTemplateSource("v3html/test-view/v3-html-standard_en.ftl"): Not found
 2022-09-07 19:23:20,729 DEBUG [main] cache:45 - TemplateLoader.findTemplateSource("v3html/test-view/v3-html-standard.ftl"): Found
 2022-09-07 19:23:20,729 DEBUG [main] cache:45 - Loading template for "v3html/test-view/v3-html-standard.ftl"("en", UTF-8, parsed) from "jar:file:/C:/Users/Monika/.m2/repository/com/aventstack/extentreports/4.0.9/extentreports-4.0.9.jar!/com/aventstack/extentreports/view/v3html/test-view/v3-html-standard.ftl"
 2022-09-07 19:23:20,866 DEBUG [main] cache:45 - Couldn't find template in cache for "v3html/category-view/v3-html-category-view.ftl"("en", UTF-8, parsed); will try to load it.
 2022-09-07 19:23:20,868 DEBUG [main] cache:45 - TemplateLoader.findTemplateSource("v3html/category-view/v3-html-category-view_en.ftl"): Not found
 2022-09-07 19:23:20,875 DEBUG [main] cache:45 - TemplateLoader.findTemplateSource("v3html/category-view/v3-html-category-view.ftl"): Found
 2022-09-07 19:23:20,877 DEBUG [main] cache:45 - Loading template for "v3html/category-view/v3-html-category-view.ftl"("en", UTF-8, parsed) from "jar:file:/C:/Users/Monika/.m2/repository/com/aventstack/extentreports/4.0.9/extentreports-4.0.9.jar!/com/aventstack/extentreports/view/v3html/category-view/v3-html-category-view.ftl"
 2022-09-07 19:23:20,891 DEBUG [main] cache:45 - Couldn't find template in cache for "v3html/exception-view/v3-html-exception-view.ftl"("en", UTF-8, parsed); will try to load it.
 2022-09-07 19:23:20,892 DEBUG [main] cache:45 - TemplateLoader.findTemplateSource("v3html/exception-view/v3-html-exception-view_en.ftl"): Not found
 2022-09-07 19:23:20,893 DEBUG [main] cache:45 - TemplateLoader.findTemplateSource("v3html/exception-view/v3-html-exception-view.ftl"): Found
 2022-09-07 19:23:20,894 DEBUG [main] cache:45 - Loading template for "v3html/exception-view/v3-html-exception-view.ftl"("en", UTF-8, parsed) from "jar:file:/C:/Users/Monika/.m2/repository/com/aventstack/extentreports/4.0.9/extentreports-4.0.9.jar!/com/aventstack/extentreports/view/v3html/exception-view/v3-html-exception-view.ftl"
 2022-09-07 19:23:20,994 DEBUG [main] cache:45 - Couldn't find template in cache for "v3html/author-view/v3-html-author-view.ftl"("en", UTF-8, parsed); will try to load it.
 2022-09-07 19:23:21,011 DEBUG [main] cache:45 - TemplateLoader.findTemplateSource("v3html/author-view/v3-html-author-view_en.ftl"): Not found
 2022-09-07 19:23:21,019 DEBUG [main] cache:45 - TemplateLoader.findTemplateSource("v3html/author-view/v3-html-author-view.ftl"): Found
 2022-09-07 19:23:21,020 DEBUG [main] cache:45 - Loading template for "v3html/author-view/v3-html-author-view.ftl"("en", UTF-8, parsed) from "jar:file:/C:/Users/Monika/.m2/repository/com/aventstack/extentreports/4.0.9/extentreports-4.0.9.jar!/com/aventstack/extentreports/view/v3html/author-view/v3-html-author-view.ftl"
 2022-09-07 19:23:21,042 DEBUG [main] cache:45 - Couldn't find template in cache for "v3html/dashboard-view/v3-html-dashboard-view.ftl"("en", UTF-8, parsed); will try to load it.
 2022-09-07 19:23:21,046 DEBUG [main] cache:45 - TemplateLoader.findTemplateSource("v3html/dashboard-view/v3-html-dashboard-view_en.ftl"): Not found
 2022-09-07 19:23:21,047 DEBUG [main] cache:45 - TemplateLoader.findTemplateSource("v3html/dashboard-view/v3-html-dashboard-view.ftl"): Found
 2022-09-07 19:23:21,049 DEBUG [main] cache:45 - Loading template for "v3html/dashboard-view/v3-html-dashboard-view.ftl"("en", UTF-8, parsed) from "jar:file:/C:/Users/Monika/.m2/repository/com/aventstack/extentreports/4.0.9/extentreports-4.0.9.jar!/com/aventstack/extentreports/view/v3html/dashboard-view/v3-html-dashboard-view.ftl"
 2022-09-07 19:23:21,092 DEBUG [main] cache:45 - Couldn't find template in cache for "v3html/logs-view/v3-html-testrunner-logs-view.ftl"("en", UTF-8, parsed); will try to load it.
 2022-09-07 19:23:21,093 DEBUG [main] cache:45 - TemplateLoader.findTemplateSource("v3html/logs-view/v3-html-testrunner-logs-view_en.ftl"): Not found
 2022-09-07 19:23:21,098 DEBUG [main] cache:45 - TemplateLoader.findTemplateSource("v3html/logs-view/v3-html-testrunner-logs-view.ftl"): Found
 2022-09-07 19:23:21,107 DEBUG [main] cache:45 - Loading template for "v3html/logs-view/v3-html-testrunner-logs-view.ftl"("en", UTF-8, parsed) from "jar:file:/C:/Users/Monika/.m2/repository/com/aventstack/extentreports/4.0.9/extentreports-4.0.9.jar!/com/aventstack/extentreports/view/v3html/logs-view/v3-html-testrunner-logs-view.ftl"
 2022-09-07 19:25:10,015  INFO [main] ebanking:27 - URL is Opened
 2022-09-07 19:26:51,807  INFO [main] ebanking:27 - URL is Opened
 2022-09-07 19:26:52,278  INFO [main] ebanking:31 - Entered UserName
 2022-09-07 19:26:52,387  INFO [main] ebanking:34 - Entered Password
 2022-09-07 19:27:13,382  INFO [main] ebanking:42 - Login test Passed
 2022-09-07 19:27:45,971  INFO [main] ebanking:20 -  Username is Provided
 2022-09-07 19:27:46,071  INFO [main] ebanking:22 - Password is Provided
 2022-09-07 19:28:09,644  INFO [main] ebanking:37 - Login Passed
 2022-09-07 19:28:36,290  INFO [main] ebanking:20 -  Username is Provided
 2022-09-07 19:28:36,364  INFO [main] ebanking:22 - Password is Provided
 2022-09-07 19:29:02,458  INFO [main] ebanking:20 -  Username is Provided
 2022-09-07 19:29:02,533  INFO [main] ebanking:22 - Password is Provided
 2022-09-07 19:30:14,834  INFO [main] ebanking:19 - User Name is Provided
 2022-09-07 19:30:14,950  INFO [main] ebanking:21 - Password is Provided
 2022-09-07 19:30:31,772  INFO [main] ebanking:30 - PRovided Customer Details....
 2022-09-07 19:30:49,576  INFO [main] ebanking:46 - Validation started....
 2022-09-07 19:30:49,637  INFO [main] ebanking:51 - TestCase Passed...
 2022-09-07 19:35:06,855  INFO [main] ebanking:27 - URL is Opened
 2022-09-07 19:35:07,561  INFO [main] ebanking:31 - Entered UserName
 2022-09-07 19:35:07,686  INFO [main] ebanking:34 - Entered Password
 2022-09-07 19:35:31,972  INFO [main] ebanking:42 - Login test Passed
 2022-09-07 19:35:41,716  INFO [main] ebanking:19 - User Name is Provided
 2022-09-07 19:35:41,840  INFO [main] ebanking:21 - Password is Provided
 2022-09-07 19:35:57,788  INFO [main] ebanking:30 - PRovided Customer Details....
 2022-09-07 19:36:11,271  INFO [main] ebanking:46 - Validation started....
 2022-09-07 19:36:11,369  INFO [main] ebanking:51 - TestCase Passed...
 2022-09-08 10:04:19,507  INFO [main] ebanking:27 - URL is Opened
 2022-09-08 10:04:20,107  INFO [main] ebanking:31 - Entered UserName
 2022-09-08 10:04:20,221  INFO [main] ebanking:34 - Entered Password
 2022-09-08 10:04:41,251  INFO [main] ebanking:42 - Login test Passed
 2022-09-08 10:05:13,015  INFO [main] ebanking:20 - User Name is Provided
 2022-09-08 10:05:13,122  INFO [main] ebanking:22 - Password is Provided
 2022-09-08 10:05:28,817  INFO [main] ebanking:31 - PRovided Customer Details....
 2022-09-08 10:05:40,522  INFO [main] ebanking:47 - Validation started....
 2022-09-08 10:05:40,575  INFO [main] ebanking:52 - TestCase Passed...
 2022-09-08 10:11:43,698  INFO [main] ebanking:27 - URL is Opened
 2022-09-08 10:11:43,818  INFO [main] ebanking:31 - Entered UserName
 2022-09-08 10:11:43,980  INFO [main] ebanking:34 - Entered Password
 2022-09-08 10:12:07,613  INFO [main] ebanking:42 - Login test Passed
 2022-09-08 10:12:36,669  INFO [main] ebanking:20 - User Name is Provided
 2022-09-08 10:12:36,760  INFO [main] ebanking:22 - Password is Provided
 2022-09-08 10:13:13,391  INFO [main] ebanking:31 - PRovided Customer Details....
 2022-09-08 10:13:26,047  INFO [main] ebanking:47 - Validation started....
 2022-09-08 10:13:26,081  INFO [main] ebanking:52 - TestCase Passed...
 2022-09-08 11:17:18,306  INFO [main] ebanking:27 - URL is Opened
 2022-09-08 11:17:18,411  INFO [main] ebanking:31 - Entered UserName
 2022-09-08 11:17:18,470  INFO [main] ebanking:34 - Entered Password
 2022-09-08 11:17:41,972  INFO [main] ebanking:42 - Login test Passed
 2022-09-08 11:17:49,058  INFO [main] ebanking:20 - User Name is Provided
 2022-09-08 11:17:49,221  INFO [main] ebanking:22 - Password is Provided
 2022-09-08 11:18:04,367  INFO [main] ebanking:31 - PRovided Customer Details....
 2022-09-09 08:48:04,551  INFO [main] ebanking:27 - URL is Opened
 2022-09-09 08:48:04,808  INFO [main] ebanking:31 - Entered UserName
 2022-09-09 08:48:04,941  INFO [main] ebanking:34 - Entered Password
 2022-09-09 08:48:30,586  INFO [main] ebanking:42 - Login test Passed
 2022-09-09 09:14:53,904  INFO [main] ebanking:27 - URL is Opened
 2022-09-09 09:14:54,180  INFO [main] ebanking:31 - Entered UserName
 2022-09-09 09:14:54,339  INFO [main] ebanking:34 - Entered Password
 2022-09-09 09:15:19,297  INFO [main] ebanking:42 - Login test Passed
 2022-09-10 08:31:38,583  INFO [main] ebanking:27 - URL is Opened
 2022-09-10 08:31:39,211  INFO [main] ebanking:31 - Entered UserName
 2022-09-10 08:31:39,364  INFO [main] ebanking:34 - Entered Password
 2022-09-10 08:32:04,979  INFO [main] ebanking:42 - Login test Passed
 2022-09-10 09:07:32,593  INFO [main] ebanking:27 - URL is Opened
 2022-09-10 09:07:32,804  INFO [main] ebanking:31 - Entered UserName
 2022-09-10 09:07:32,930  INFO [main] ebanking:34 - Entered Password
 2022-09-10 09:07:39,171  INFO [main] ebanking:42 - Login test Passed
 2022-09-10 09:09:18,544  INFO [main] ebanking:27 - URL is Opened
 2022-09-10 09:09:18,789  INFO [main] ebanking:31 - Entered UserName
 2022-09-10 09:09:19,740  INFO [main] ebanking:34 - Entered Password
 2022-09-10 09:09:48,269  INFO [main] ebanking:42 - Login test Passed
 2022-09-13 14:40:20,592  INFO [main] ebanking:20 - User Name is Provided
 2022-09-13 14:40:20,712  INFO [main] ebanking:22 - Password is Provided
 2022-09-13 14:40:58,295  INFO [main] ebanking:31 - PRovided Customer Details....
 2022-09-13 14:43:49,317  INFO [main] ebanking:21 - User Name is Provided
 2022-09-13 14:43:49,429  INFO [main] ebanking:23 - Password is Provided
 2022-09-13 14:50:28,832  INFO [main] ebanking:21 - User Name is Provided
 2022-09-13 14:50:28,925  INFO [main] ebanking:23 - Password is Provided
 2022-09-13 15:01:23,572  INFO [main] ebanking:21 - User Name is Provided
 2022-09-13 15:01:23,794  INFO [main] ebanking:23 - Password is Provided
 2022-09-13 15:01:40,458  INFO [main] ebanking:36 - PRovided Customer Details....
 2022-09-13 15:02:41,318  INFO [main] ebanking:21 - User Name is Provided
 2022-09-13 15:02:41,492  INFO [main] ebanking:23 - Password is Provided
 2022-09-13 15:08:09,134  INFO [main] ebanking:36 - PRovided Customer Details....
 2022-09-13 15:24:24,269  INFO [main] ebanking:22 - User Name is Provided
 2022-09-13 15:24:24,415  INFO [main] ebanking:24 - Password is Provided
 2022-09-13 15:34:36,186  INFO [main] ebanking:22 - User Name is Provided
 2022-09-13 15:34:36,280  INFO [main] ebanking:24 - Password is Provided
 2022-09-17 08:40:48,171  INFO [main] ebanking:25 - User Name is Provided
 2022-09-17 08:40:48,282  INFO [main] ebanking:27 - Password is Provided
 2022-09-17 08:41:39,282  INFO [main] ebanking:25 - User Name is Provided
 2022-09-17 08:41:39,407  INFO [main] ebanking:27 - Password is Provided
 2022-09-17 08:44:09,268  INFO [main] ebanking:20 - URL is Opened
 2022-09-17 08:44:09,443  INFO [main] ebanking:24 - Entered UserName
 2022-09-17 08:44:09,717  INFO [main] ebanking:27 - Entered Password
 2022-09-17 08:44:13,426  INFO [main] ebanking:35 - Login test Passed
 2022-09-17 08:44:24,587  INFO [main] ebanking:20 -  Username is Provided
 2022-09-17 08:44:24,787  INFO [main] ebanking:22 - Password is Provided
 2022-09-17 08:44:33,076  INFO [main] ebanking:37 - Login Passed
 2022-09-17 08:44:38,789  INFO [main] ebanking:20 -  Username is Provided
 2022-09-17 08:44:38,878  INFO [main] ebanking:22 - Password is Provided
 2022-09-17 08:44:43,516  INFO [main] ebanking:20 -  Username is Provided
 2022-09-17 08:44:43,579  INFO [main] ebanking:22 - Password is Provided
 2022-09-17 08:45:26,260  INFO [main] ebanking:20 - URL is Opened
 2022-09-17 08:45:26,439  INFO [main] ebanking:24 - Entered UserName
 2022-09-17 08:45:26,513  INFO [main] ebanking:27 - Entered Password
 2022-09-17 08:45:27,754  INFO [main] ebanking:35 - Login test Passed
 2022-09-17 08:45:41,045  INFO [main] ebanking:20 -  Username is Provided
 2022-09-17 08:45:41,145  INFO [main] ebanking:22 - Password is Provided
 2022-09-17 08:45:44,154  INFO [main] ebanking:37 - Login Passed
 2022-09-17 08:45:48,126  INFO [main] ebanking:20 -  Username is Provided
 2022-09-17 08:45:48,193  INFO [main] ebanking:22 - Password is Provided
 2022-09-17 08:45:52,125  INFO [main] ebanking:20 -  Username is Provided
 2022-09-17 08:45:52,193  INFO [main] ebanking:22 - Password is Provided
 2022-09-17 09:32:28,490  INFO [main] ebanking:16 - User Name is Provided
 2022-09-17 09:32:28,633  INFO [main] ebanking:18 - Password is Provided
 2022-09-17 09:39:45,854  INFO [main] ebanking:16 - User Name is Provided
 2022-09-17 09:39:45,967  INFO [main] ebanking:18 - Password is Provided
 2022-09-17 09:39:51,219  INFO [main] ebanking:24 - Delete Customer information
 2022-09-17 09:46:26,444  INFO [main] ebanking:16 - User Name is Provided
 2022-09-17 09:46:26,558  INFO [main] ebanking:18 - Password is Provided
 2022-09-17 09:46:39,617  INFO [main] ebanking:25 - Delete Customer information
 2022-09-17 09:46:39,703  INFO [main] ebanking:28 - Validation started....
 2022-09-17 10:16:09,126  INFO [main] ebanking:16 - User Name is Provided
 2022-09-17 10:16:09,222  INFO [main] ebanking:18 - Password is Provided
 2022-09-17 10:16:24,563  INFO [main] ebanking:25 - Delete Customer information
 2022-09-17 10:16:25,210  INFO [main] ebanking:28 - Validation started....
 2022-09-17 10:18:19,190  INFO [main] ebanking:16 - User Name is Provided
 2022-09-17 10:18:19,288  INFO [main] ebanking:18 - Password is Provided
 2022-09-17 10:18:35,014  INFO [main] ebanking:25 - Delete Customer information
 2022-09-17 10:18:35,221  INFO [main] ebanking:29 - Validation started....
 2022-09-17 10:21:56,390  INFO [main] ebanking:16 - User Name is Provided
 2022-09-17 10:21:56,509  INFO [main] ebanking:18 - Password is Provided
 2022-09-17 10:22:10,670  INFO [main] ebanking:25 - Delete Customer information
 2022-09-17 10:22:13,961  INFO [main] ebanking:30 - Validation started....
 